0 info it worked if it ends with ok
1 verbose cli [ 'C:\\Program Files\\nodejs\\node.exe',
1 verbose cli   'C:\\Program Files\\nodejs\\node_modules\\npm\\bin\\npm-cli.js',
1 verbose cli   'install',
1 verbose cli   'bootstrap@3.0.0-beta' ]
2 info using npm@3.10.10
3 info using node@v6.11.4
4 verbose config Skipping project config: C:\Users\ivan/.npmrc. (matches userconfig)
5 silly loadCurrentTree Starting
6 silly install loadCurrentTree
7 silly install readLocalPackageData
8 silly fetchPackageMetaData bootstrap@3.0.0-beta
9 silly fetchNamedPackageData bootstrap
10 silly mapToRegistry name bootstrap
11 silly mapToRegistry using default registry
12 silly mapToRegistry registry https://registry.npmjs.org/
13 silly mapToRegistry data Result {
13 silly mapToRegistry   raw: 'bootstrap',
13 silly mapToRegistry   scope: null,
13 silly mapToRegistry   escapedName: 'bootstrap',
13 silly mapToRegistry   name: 'bootstrap',
13 silly mapToRegistry   rawSpec: '',
13 silly mapToRegistry   spec: 'latest',
13 silly mapToRegistry   type: 'tag' }
14 silly mapToRegistry uri https://registry.npmjs.org/bootstrap
15 verbose request uri https://registry.npmjs.org/bootstrap
16 verbose request no auth needed
17 info attempt registry request try #1 at 13:06:18
18 verbose request id 3485c6ff2daf937f
19 verbose etag W/"59d5a54a-e3bc"
20 verbose lastModified Thu, 05 Oct 2017 03:21:46 GMT
21 http request GET https://registry.npmjs.org/bootstrap
22 http 304 https://registry.npmjs.org/bootstrap
23 verbose headers { date: 'Sun, 08 Oct 2017 10:06:20 GMT',
23 verbose headers   via: '1.1 varnish',
23 verbose headers   'cache-control': 'max-age=300',
23 verbose headers   etag: 'W/"59d5a54a-e3bc"',
23 verbose headers   age: '0',
23 verbose headers   connection: 'keep-alive',
23 verbose headers   'x-served-by': 'cache-fra1231-FRA',
23 verbose headers   'x-cache': 'HIT',
23 verbose headers   'x-cache-hits': '1',
23 verbose headers   'x-timer': 'S1507457180.388900,VS0,VE2',
23 verbose headers   vary: 'Accept-Encoding, Accept' }
24 silly get cb [ 304,
24 silly get   { date: 'Sun, 08 Oct 2017 10:06:20 GMT',
24 silly get     via: '1.1 varnish',
24 silly get     'cache-control': 'max-age=300',
24 silly get     etag: 'W/"59d5a54a-e3bc"',
24 silly get     age: '0',
24 silly get     connection: 'keep-alive',
24 silly get     'x-served-by': 'cache-fra1231-FRA',
24 silly get     'x-cache': 'HIT',
24 silly get     'x-cache-hits': '1',
24 silly get     'x-timer': 'S1507457180.388900,VS0,VE2',
24 silly get     vary: 'Accept-Encoding, Accept' } ]
25 verbose etag https://registry.npmjs.org/bootstrap from cache
26 verbose get saving bootstrap to C:\Users\ivan\AppData\Roaming\npm-cache\registry.npmjs.org\bootstrap\.cache.json
27 verbose correctMkdir C:\Users\ivan\AppData\Roaming\npm-cache correctMkdir not in flight; initializing
28 silly fetchNamedPackageData No valid target from cache, forcing network
29 verbose request uri https://registry.npmjs.org/bootstrap
30 verbose request no auth needed
31 info attempt registry request try #1 at 13:06:19
32 http request GET https://registry.npmjs.org/bootstrap
33 http 200 https://registry.npmjs.org/bootstrap
34 verbose headers { server: 'nginx/1.10.1',
34 verbose headers   'content-type': 'application/json',
34 verbose headers   'last-modified': 'Thu, 05 Oct 2017 03:21:46 GMT',
34 verbose headers   etag: 'W/"59d5a54a-e3bc"',
34 verbose headers   'content-encoding': 'gzip',
34 verbose headers   'cache-control': 'max-age=300',
34 verbose headers   'content-length': '11597',
34 verbose headers   'accept-ranges': 'bytes',
34 verbose headers   date: 'Sun, 08 Oct 2017 10:06:20 GMT',
34 verbose headers   via: '1.1 varnish',
34 verbose headers   age: '0',
34 verbose headers   connection: 'keep-alive',
34 verbose headers   'x-served-by': 'cache-fra1231-FRA',
34 verbose headers   'x-cache': 'HIT',
34 verbose headers   'x-cache-hits': '2',
34 verbose headers   'x-timer': 'S1507457180.482337,VS0,VE0',
34 verbose headers   vary: 'Accept-Encoding, Accept' }
35 silly get cb [ 200,
35 silly get   { server: 'nginx/1.10.1',
35 silly get     'content-type': 'application/json',
35 silly get     'last-modified': 'Thu, 05 Oct 2017 03:21:46 GMT',
35 silly get     etag: 'W/"59d5a54a-e3bc"',
35 silly get     'content-encoding': 'gzip',
35 silly get     'cache-control': 'max-age=300',
35 silly get     'content-length': '11597',
35 silly get     'accept-ranges': 'bytes',
35 silly get     date: 'Sun, 08 Oct 2017 10:06:20 GMT',
35 silly get     via: '1.1 varnish',
35 silly get     age: '0',
35 silly get     connection: 'keep-alive',
35 silly get     'x-served-by': 'cache-fra1231-FRA',
35 silly get     'x-cache': 'HIT',
35 silly get     'x-cache-hits': '2',
35 silly get     'x-timer': 'S1507457180.482337,VS0,VE0',
35 silly get     vary: 'Accept-Encoding, Accept' } ]
36 verbose get saving bootstrap to C:\Users\ivan\AppData\Roaming\npm-cache\registry.npmjs.org\bootstrap\.cache.json
37 verbose correctMkdir C:\Users\ivan\AppData\Roaming\npm-cache correctMkdir not in flight; initializing
38 silly fetchPackageMetaData Error: No compatible version found: bootstrap@3.0.0-beta
38 silly fetchPackageMetaData Valid install targets:
38 silly fetchPackageMetaData 4.0.0-beta, 4.0.0-alpha.6, 4.0.0-alpha.5, 4.0.0-alpha.4, 4.0.0-alpha.3, 4.0.0-alpha.2, 3.3.7, 3.3.6, 3.3.5, 3.3.4, 3.3.2, 3.3.1, 3.3.0, 3.2.0, 3.1.1, 0.0.2, 0.0.1
38 silly fetchPackageMetaData
38 silly fetchPackageMetaData     at pickVersionFromRegistryDocument (C:\Program Files\nodejs\node_modules\npm\lib\fetch-package-metadata.js:178:16)
38 silly fetchPackageMetaData     at C:\Program Files\nodejs\node_modules\npm\node_modules\iferr\index.js:13:50
38 silly fetchPackageMetaData     at C:\Program Files\nodejs\node_modules\npm\lib\utils\pulse-till-done.js:20:8
38 silly fetchPackageMetaData     at saved (C:\Program Files\nodejs\node_modules\npm\lib\cache\caching-client.js:174:7)
38 silly fetchPackageMetaData     at C:\Program Files\nodejs\node_modules\npm\node_modules\graceful-fs\polyfills.js:241:18
38 silly fetchPackageMetaData     at FSReqWrap.oncomplete (fs.js:123:15)
38 silly fetchPackageMetaData  error for bootstrap@3.0.0-beta { Error: No compatible version found: bootstrap@3.0.0-beta
38 silly fetchPackageMetaData Valid install targets:
38 silly fetchPackageMetaData 4.0.0-beta, 4.0.0-alpha.6, 4.0.0-alpha.5, 4.0.0-alpha.4, 4.0.0-alpha.3, 4.0.0-alpha.2, 3.3.7, 3.3.6, 3.3.5, 3.3.4, 3.3.2, 3.3.1, 3.3.0, 3.2.0, 3.1.1, 0.0.2, 0.0.1
38 silly fetchPackageMetaData
38 silly fetchPackageMetaData     at pickVersionFromRegistryDocument (C:\Program Files\nodejs\node_modules\npm\lib\fetch-package-metadata.js:178:16)
38 silly fetchPackageMetaData     at C:\Program Files\nodejs\node_modules\npm\node_modules\iferr\index.js:13:50
38 silly fetchPackageMetaData     at C:\Program Files\nodejs\node_modules\npm\lib\utils\pulse-till-done.js:20:8
38 silly fetchPackageMetaData     at saved (C:\Program Files\nodejs\node_modules\npm\lib\cache\caching-client.js:174:7)
38 silly fetchPackageMetaData     at C:\Program Files\nodejs\node_modules\npm\node_modules\graceful-fs\polyfills.js:241:18
38 silly fetchPackageMetaData     at FSReqWrap.oncomplete (fs.js:123:15) code: 'ETARGET' }
39 silly rollbackFailedOptional Starting
40 silly rollbackFailedOptional Finishing
41 silly runTopLevelLifecycles Finishing
42 silly install printInstalled
43 verbose stack Error: No compatible version found: bootstrap@3.0.0-beta
43 verbose stack Valid install targets:
43 verbose stack 4.0.0-beta, 4.0.0-alpha.6, 4.0.0-alpha.5, 4.0.0-alpha.4, 4.0.0-alpha.3, 4.0.0-alpha.2, 3.3.7, 3.3.6, 3.3.5, 3.3.4, 3.3.2, 3.3.1, 3.3.0, 3.2.0, 3.1.1, 0.0.2, 0.0.1
43 verbose stack
43 verbose stack     at pickVersionFromRegistryDocument (C:\Program Files\nodejs\node_modules\npm\lib\fetch-package-metadata.js:178:16)
43 verbose stack     at C:\Program Files\nodejs\node_modules\npm\node_modules\iferr\index.js:13:50
43 verbose stack     at C:\Program Files\nodejs\node_modules\npm\lib\utils\pulse-till-done.js:20:8
43 verbose stack     at saved (C:\Program Files\nodejs\node_modules\npm\lib\cache\caching-client.js:174:7)
43 verbose stack     at C:\Program Files\nodejs\node_modules\npm\node_modules\graceful-fs\polyfills.js:241:18
43 verbose stack     at FSReqWrap.oncomplete (fs.js:123:15)
44 verbose cwd C:\Users\ivan\Desktop\maket\psd-maket-odnostranichnogo-sajta-claymore-lp\claymore
45 error Windows_NT 6.3.9600
46 error argv "C:\\Program Files\\nodejs\\node.exe" "C:\\Program Files\\nodejs\\node_modules\\npm\\bin\\npm-cli.js" "install" "bootstrap@3.0.0-beta"
47 error node v6.11.4
48 error npm  v3.10.10
49 error code ETARGET
50 error notarget No compatible version found: bootstrap@3.0.0-beta
50 error notarget Valid install targets:
50 error notarget 4.0.0-beta, 4.0.0-alpha.6, 4.0.0-alpha.5, 4.0.0-alpha.4, 4.0.0-alpha.3, 4.0.0-alpha.2, 3.3.7, 3.3.6, 3.3.5, 3.3.4, 3.3.2, 3.3.1, 3.3.0, 3.2.0, 3.1.1, 0.0.2, 0.0.1
51 error notarget This is most likely not a problem with npm itself.
51 error notarget In most cases you or one of your dependencies are requesting
51 error notarget a package version that doesn't exist.
52 verbose exit [ 1, true ]
